<?xml version="1.0" encoding="UTF-8"?>
<!-- Generated by org.testng.reporters.JUnitReportReporter -->
<testsuite hostname="DESKTOP-IU8P72A" failures="0" tests="4" name="TestNG.Demo" time="24.391" errors="0" timestamp="2025-01-28T20:09:10 IST" skipped="0">
  <testcase classname="TestNG.Demo" name="Google" time="8.313"/>
  <testcase classname="TestNG.Demo" name="Google" time="5.024"/>
  <testcase classname="TestNG.Demo" name="Google" time="5.660"/>
  <testcase classname="TestNG.Demo" name="Google" time="5.394"/>
</testsuite> <!-- TestNG.Demo -->
