<?xml version="1.0" encoding="UTF-8"?>
<!-- Generated by org.testng.reporters.JUnitReportReporter -->
<testsuite hostname="DESKTOP-IU8P72A" failures="0" tests="6" name="Annotation.Screenshot" time="72.836" errors="0" timestamp="2025-02-06T20:16:31 IST" skipped="0">
  <testcase classname="Annotation.Screenshot" name="login" time="10.454"/>
  <testcase classname="Annotation.Screenshot" name="login" time="14.783"/>
  <testcase classname="Annotation.Screenshot" name="login" time="10.569"/>
  <testcase classname="Annotation.Screenshot" name="login" time="11.033"/>
  <testcase classname="Annotation.Screenshot" name="login" time="15.521"/>
  <testcase classname="Annotation.Screenshot" name="login" time="10.476"/>
</testsuite> <!-- Annotation.Screenshot -->
