<?xml version="1.0" encoding="UTF-8"?>
<!-- Generated by org.testng.reporters.JUnitReportReporter -->
<testsuite hostname="DESKTOP-IU8P72A" failures="0" tests="2" name="Annotation.AllAnnotation" time="0.039" errors="0" timestamp="2025-01-30T20:22:56 IST" skipped="0">
  <testcase classname="Annotation.AllAnnotation" name="Test1" time="0.018"/>
  <testcase classname="Annotation.AllAnnotation" name="Test" time="0.021"/>
</testsuite> <!-- Annotation.AllAnnotation -->
