<?xml version="1.0" encoding="UTF-8"?>
<!-- Generated by org.testng.reporters.JUnitReportReporter -->
<testsuite hostname="DESKTOP-IU8P72A" failures="0" tests="6" name="Annotation.DataProviderForSauceDemo1" time="72.560" errors="0" timestamp="2025-02-04T20:26:01 IST" skipped="0">
  <testcase classname="Annotation.DataProviderForSauceDemo1" name="login" time="14.602"/>
  <testcase classname="Annotation.DataProviderForSauceDemo1" name="login" time="10.490"/>
  <testcase classname="Annotation.DataProviderForSauceDemo1" name="login" time="10.803"/>
  <testcase classname="Annotation.DataProviderForSauceDemo1" name="login" time="15.701"/>
  <testcase classname="Annotation.DataProviderForSauceDemo1" name="login" time="10.481"/>
  <testcase classname="Annotation.DataProviderForSauceDemo1" name="login" time="10.483"/>
</testsuite> <!-- Annotation.DataProviderForSauceDemo1 -->
