<?xml version="1.0" encoding="UTF-8"?>
<!-- Generated by org.testng.reporters.JUnitReportReporter -->
<testsuite hostname="DESKTOP-IU8P72A" failures="0" tests="2" name="CrossBrawser.CrossBrawser" time="72.883" errors="0" timestamp="2025-02-13T20:43:01 IST" skipped="0">
  <testcase classname="CrossBrawser.CrossBrawser" name="flipkart" time="39.295"/>
  <testcase classname="CrossBrawser.CrossBrawser" name="flipkart" time="33.588"/>
</testsuite> <!-- CrossBrawser.CrossBrawser -->
