<?xml version="1.0" encoding="UTF-8"?>
<!-- Generated by org.testng.reporters.JUnitReportReporter -->
<testsuite hostname="DESKTOP-IU8P72A" failures="0" tests="2" name="Annotation.AnnotationFlow" time="42.622" errors="0" timestamp="2025-01-30T21:16:17 IST" skipped="0">
  <testcase classname="Annotation.AnnotationFlow" name="Payment" time="22.341"/>
  <testcase classname="Annotation.AnnotationFlow" name="Customer" time="20.281"/>
</testsuite> <!-- Annotation.AnnotationFlow -->
