<?xml version="1.0" encoding="UTF-8"?>
<!-- Generated by org.testng.reporters.JUnitReportReporter -->
<testsuite hostname="DESKTOP-IU8P72A" failures="0" tests="6" name="TestNG.Priority" time="35.451" errors="0" timestamp="2025-01-28T20:21:13 IST" skipped="0">
  <testcase classname="TestNG.Priority" name="facebook" time="4.077"/>
  <testcase classname="TestNG.Priority" name="Google" time="5.242"/>
  <testcase classname="TestNG.Priority" name="google" time="6.551"/>
  <testcase classname="TestNG.Priority" name="fakebook" time="3.992"/>
  <testcase classname="TestNG.Priority" name="joogle" time="8.133"/>
  <testcase classname="TestNG.Priority" name="tacebook" time="7.456"/>
</testsuite> <!-- TestNG.Priority -->
