<?xml version="1.0" encoding="UTF-8"?>
<!-- Generated by org.testng.reporters.JUnitReportReporter -->
<testsuite hostname="DESKTOP-IU8P72A" failures="0" tests="5" name="Annotation.DataProviderFlipkart" time="29.952" errors="0" timestamp="2025-02-03T20:39:01 IST" skipped="0">
  <testcase classname="Annotation.DataProviderFlipkart" name="search" time="4.850"/>
  <testcase classname="Annotation.DataProviderFlipkart" name="search" time="5.032"/>
  <testcase classname="Annotation.DataProviderFlipkart" name="search" time="4.568"/>
  <testcase classname="Annotation.DataProviderFlipkart" name="search" time="4.521"/>
  <testcase classname="Annotation.DataProviderFlipkart" name="search" time="10.981"/>
</testsuite> <!-- Annotation.DataProviderFlipkart -->
