<?xml version="1.0" encoding="UTF-8"?>
<!-- Generated by org.testng.reporters.JUnitReportReporter -->
<testsuite hostname="DESKTOP-IU8P72A" failures="0" tests="5" name="Annotation.DataProviderMyntra" time="39.234" errors="0" timestamp="2025-02-03T20:48:21 IST" skipped="0">
  <testcase classname="Annotation.DataProviderMyntra" name="search" time="6.208"/>
  <testcase classname="Annotation.DataProviderMyntra" name="search" time="7.532"/>
  <testcase classname="Annotation.DataProviderMyntra" name="search" time="9.128"/>
  <testcase classname="Annotation.DataProviderMyntra" name="search" time="8.722"/>
  <testcase classname="Annotation.DataProviderMyntra" name="search" time="7.644"/>
</testsuite> <!-- Annotation.DataProviderMyntra -->
