<?xml version="1.0" encoding="UTF-8"?>
<!-- Generated by org.testng.reporters.JUnitReportReporter -->
<testsuite hostname="DESKTOP-IU8P72A" failures="0" tests="1" name="Annotation.ReportInTestNG" time="11.927" errors="0" timestamp="2025-02-04T21:03:56 IST" skipped="0">
  <testcase classname="Annotation.ReportInTestNG" name="flipkart" time="11.927">
    <system-out>
      <![CDATA[Browser has been launch
site has been open
Enter product in search
first product has been selected]]>
    </system-out>
  </testcase> <!-- flipkart -->
  <system-out>
    <![CDATA[Browser has been launch
site has been open
Enter product in search
first product has been selected]]>
  </system-out>
</testsuite> <!-- Annotation.ReportInTestNG -->
