<?xml version="1.0" encoding="UTF-8"?>
<!-- Generated by org.testng.reporters.JUnitReportReporter -->
<testsuite hostname="DESKTOP-IU8P72A" failures="0" tests="2" name="TestNG.Parellelexecution" time="18.321" errors="0" timestamp="2025-02-12T20:55:12 IST" skipped="0">
  <testcase classname="TestNG.Parellelexecution" name="facebook" time="8.728"/>
  <testcase classname="TestNG.Parellelexecution" name="Google" time="9.593"/>
</testsuite> <!-- TestNG.Parellelexecution -->
